2025-07-19 23:25:20,339 INFO:Starting process command: scene-dir=/home/erik/Code/threadwell/assets/books/alice-in-wonderland/text/scenes, output=characters.json
2025-07-19 23:25:20,340 INFO:Loading spaCy model 'en_core_web_trf'
2025-07-19 23:25:22,112 INFO:Adding experimental coreference resolver pipe
[2025-07-19 23:25:22,135] [INFO] Added vocab lookups: lexeme_norm
2025-07-19 23:25:22,135 INFO:Added vocab lookups: lexeme_norm
[2025-07-19 23:25:22,135] [INFO] Created vocabulary
2025-07-19 23:25:22,135 INFO:Created vocabulary
[2025-07-19 23:25:22,136] [INFO] Finished initializing nlp object
2025-07-19 23:25:22,136 INFO:Finished initializing nlp object
/home/erik/Code/threadwell/models/character-dossier/.venv/lib/python3.11/site-packages/huggingface_hub/file_download.py:943: FutureWarning: `resume_download` is deprecated and will be removed in version 1.0.0. Downloads always resume when possible. If you want to force a new download, use `force_download=True`.
  warnings.warn(
Some weights of the model checkpoint at roberta-base were not used when initializing RobertaModel: ['lm_head.dense.bias', 'lm_head.dense.weight', 'lm_head.bias', 'lm_head.layer_norm.weight', 'lm_head.decoder.weight', 'lm_head.layer_norm.bias']
- This IS expected if you are initializing RobertaModel from the checkpoint of a model trained on another task or with another architecture (e.g. initializing a BertForSequenceClassification model from a BertForPreTraining model).
- This IS NOT expected if you are initializing RobertaModel from the checkpoint of a model that you expect to be exactly identical (initializing a BertForSequenceClassification model from a BertForSequenceClassification model).
/home/erik/Code/threadwell/models/character-dossier/.venv/lib/python3.11/site-packages/thinc/shims/pytorch.py:114: FutureWarning: `torch.cuda.amp.autocast(args...)` is deprecated. Please use `torch.amp.autocast('cuda', args...)` instead.
  with torch.cuda.amp.autocast(self._mixed_precision):
2025-07-19 23:25:23,594 INFO:spaCy model loaded and coref pipe initialized
2025-07-19 23:25:23,595 INFO:Processing scene text of length 1076 (Just at this moment Alice felt a very curious sens...)
/home/erik/Code/threadwell/models/character-dossier/.venv/lib/python3.11/site-packages/spacy/pipeline/attributeruler.py:149: UserWarning: [W036] The component 'matcher' does not have any patterns defined.
  matches = self.matcher(doc, allow_missing=True, as_spans=False)
/home/erik/Code/threadwell/models/character-dossier/.venv/lib/python3.11/site-packages/spacy/pipeline/lemmatizer.py:211: UserWarning: [W108] The rule-based lemmatizer did not find POS annotation for one or more tokens. Check that your pipeline includes components that assign token.pos, typically 'tagger'+'attribute_ruler' or 'morphologizer'.
  warnings.warn(Warnings.W108)
2025-07-19 23:25:24,068 INFO:spaCy Doc JSON:
{
  "text": "Just at this moment Alice felt a very curious sensation, which puzzled\nher a good deal until she made out what it was: she was beginning to\ngrow larger again, and she thought at first she would get up and leave\nthe court; but on second thoughts she decided to remain where she was\nas long as there was room for her.\n\n\u201cI wish you wouldn\u2019t squeeze so,\u201d said the Dormouse, who was sitting\nnext to her. \u201cI can hardly breathe.\u201d\n\n\u201cI can\u2019t help it,\u201d said Alice very meekly: \u201cI\u2019m growing.\u201d\n\n\u201cYou\u2019ve no right to grow _here_,\u201d said the Dormouse.\n\n\u201cDon\u2019t talk nonsense,\u201d said Alice more boldly: \u201cyou know you\u2019re growing\ntoo.\u201d\n\n\u201cYes, but _I_ grow at a reasonable pace,\u201d said the Dormouse: \u201cnot in\nthat ridiculous fashion.\u201d And he got up very sulkily and crossed over\nto the other side of the court.\n\nAll this time the Queen had never left off staring at the Hatter, and,\njust as the Dormouse crossed the court, she said to one of the officers\nof the court, \u201cBring me the list of the singers in the last concert!\u201d\non which the wretched Hatter trembled so, that he shook both his shoes\noff.",
  "ents": [
    {
      "start": 0,
      "end": 350,
      "label": "DATE"
    },
    {
      "start": 351,
      "end": 373,
      "label": "DATE"
    },
    {
      "start": 374,
      "end": 386,
      "label": "DATE"
    },
    {
      "start": 386,
      "end": 398,
      "label": "DATE"
    },
    {
      "start": 399,
      "end": 625,
      "label": "DATE"
    },
    {
      "start": 626,
      "end": 629,
      "label": "DATE"
    },
    {
      "start": 630,
      "end": 657,
      "label": "DATE"
    },
    {
      "start": 658,
      "end": 791,
      "label": "DATE"
    },
    {
      "start": 792,
      "end": 946,
      "label": "DATE"
    },
    {
      "start": 946,
      "end": 1076,
      "label": "DATE"
    }
  ],
  "sents": [
    {
      "start": 0,
      "end": 1076
    }
  ],
  "tokens": [
    {
      "id": 0,
      "start": 0,
      "end": 4,
      "tag": "$",
      "lemma": "just",
      "dep": "ROOT",
      "head": 0
    },
    {
      "id": 1,
      "start": 5,
      "end": 7,
      "tag": "$",
      "lemma": "at",
      "dep": "expl",
      "head": 0
    },
    {
      "id": 2,
      "start": 8,
      "end": 12,
      "tag": "$",
      "lemma": "this",
      "dep": "expl",
      "head": 1
    },
    {
      "id": 3,
      "start": 13,
      "end": 19,
      "tag": "$",
      "lemma": "moment",
      "dep": "expl",
      "head": 2
    },
    {
      "id": 4,
      "start": 20,
      "end": 25,
      "tag": "$",
      "lemma": "alice",
      "dep": "expl",
      "head": 3
    },
    {
      "id": 5,
      "start": 26,
      "end": 30,
      "tag": "$",
      "lemma": "felt",
      "dep": "expl",
      "head": 4
    },
    {
      "id": 6,
      "start": 31,
      "end": 32,
      "tag": "$",
      "lemma": "a",
      "dep": "expl",
      "head": 5
    },
    {
      "id": 7,
      "start": 33,
      "end": 37,
      "tag": "$",
      "lemma": "very",
      "dep": "expl",
      "head": 6
    },
    {
      "id": 8,
      "start": 38,
      "end": 45,
      "tag": "$",
      "lemma": "curious",
      "dep": "expl",
      "head": 7
    },
    {
      "id": 9,
      "start": 46,
      "end": 55,
      "tag": "$",
      "lemma": "sensation",
      "dep": "expl",
      "head": 8
    },
    {
      "id": 10,
      "start": 55,
      "end": 56,
      "tag": "$",
      "lemma": ",",
      "dep": "expl",
      "head": 9
    },
    {
      "id": 11,
      "start": 57,
      "end": 62,
      "tag": "$",
      "lemma": "which",
      "dep": "expl",
      "head": 10
    },
    {
      "id": 12,
      "start": 63,
      "end": 70,
      "tag": "$",
      "lemma": "puzzled",
      "dep": "expl",
      "head": 11
    },
    {
      "id": 13,
      "start": 70,
      "end": 71,
      "tag": "$",
      "lemma": "\n",
      "dep": "expl",
      "head": 12
    },
    {
      "id": 14,
      "start": 71,
      "end": 74,
      "tag": "$",
      "lemma": "her",
      "dep": "expl",
      "head": 13
    },
    {
      "id": 15,
      "start": 75,
      "end": 76,
      "tag": "$",
      "lemma": "a",
      "dep": "expl",
      "head": 14
    },
    {
      "id": 16,
      "start": 77,
      "end": 81,
      "tag": "$",
      "lemma": "good",
      "dep": "expl",
      "head": 15
    },
    {
      "id": 17,
      "start": 82,
      "end": 86,
      "tag": "$",
      "lemma": "deal",
      "dep": "expl",
      "head": 16
    },
    {
      "id": 18,
      "start": 87,
      "end": 92,
      "tag": "$",
      "lemma": "until",
      "dep": "expl",
      "head": 17
    },
    {
      "id": 19,
      "start": 93,
      "end": 96,
      "tag": "$",
      "lemma": "she",
      "dep": "expl",
      "head": 18
    },
    {
      "id": 20,
      "start": 97,
      "end": 101,
      "tag": "$",
      "lemma": "made",
      "dep": "expl",
      "head": 19
    },
    {
      "id": 21,
      "start": 102,
      "end": 105,
      "tag": "$",
      "lemma": "out",
      "dep": "expl",
      "head": 20
    },
    {
      "id": 22,
      "start": 106,
      "end": 110,
      "tag": "$",
      "lemma": "what",
      "dep": "expl",
      "head": 21
    },
    {
      "id": 23,
      "start": 111,
      "end": 113,
      "tag": "$",
      "lemma": "it",
      "dep": "expl",
      "head": 22
    },
    {
      "id": 24,
      "start": 114,
      "end": 117,
      "tag": "$",
      "lemma": "was",
      "dep": "expl",
      "head": 23
    },
    {
      "id": 25,
      "start": 117,
      "end": 118,
      "tag": "$",
      "lemma": ":",
      "dep": "expl",
      "head": 24
    },
    {
      "id": 26,
      "start": 119,
      "end": 122,
      "tag": "$",
      "lemma": "she",
      "dep": "expl",
      "head": 25
    },
    {
      "id": 27,
      "start": 123,
      "end": 126,
      "tag": "$",
      "lemma": "was",
      "dep": "expl",
      "head": 26
    },
    {
      "id": 28,
      "start": 127,
      "end": 136,
      "tag": "$",
      "lemma": "beginning",
      "dep": "expl",
      "head": 27
    },
    {
      "id": 29,
      "start": 137,
      "end": 139,
      "tag": "$",
      "lemma": "to",
      "dep": "expl",
      "head": 28
    },
    {
      "id": 30,
      "start": 139,
      "end": 140,
      "tag": "$",
      "lemma": "\n",
      "dep": "expl",
      "head": 29
    },
    {
      "id": 31,
      "start": 140,
      "end": 144,
      "tag": "$",
      "lemma": "grow",
      "dep": "expl",
      "head": 30
    },
    {
      "id": 32,
      "start": 145,
      "end": 151,
      "tag": "$",
      "lemma": "larger",
      "dep": "expl",
      "head": 31
    },
    {
      "id": 33,
      "start": 152,
      "end": 157,
      "tag": "$",
      "lemma": "again",
      "dep": "expl",
      "head": 32
    },
    {
      "id": 34,
      "start": 157,
      "end": 158,
      "tag": "$",
      "lemma": ",",
      "dep": "expl",
      "head": 33
    },
    {
      "id": 35,
      "start": 159,
      "end": 162,
      "tag": "$",
      "lemma": "and",
      "dep": "expl",
      "head": 34
    },
    {
      "id": 36,
      "start": 163,
      "end": 166,
      "tag": "$",
      "lemma": "she",
      "dep": "expl",
      "head": 35
    },
    {
      "id": 37,
      "start": 167,
      "end": 174,
      "tag": "$",
      "lemma": "thought",
      "dep": "expl",
      "head": 36
    },
    {
      "id": 38,
      "start": 175,
      "end": 177,
      "tag": "$",
      "lemma": "at",
      "dep": "expl",
      "head": 37
    },
    {
      "id": 39,
      "start": 178,
      "end": 183,
      "tag": "$",
      "lemma": "first",
      "dep": "expl",
      "head": 38
    },
    {
      "id": 40,
      "start": 184,
      "end": 187,
      "tag": "$",
      "lemma": "she",
      "dep": "expl",
      "head": 39
    },
    {
      "id": 41,
      "start": 188,
      "end": 193,
      "tag": "$",
      "lemma": "would",
      "dep": "expl",
      "head": 40
    },
    {
      "id": 42,
      "start": 194,
      "end": 197,
      "tag": "$",
      "lemma": "get",
      "dep": "expl",
      "head": 41
    },
    {
      "id": 43,
      "start": 198,
      "end": 200,
      "tag": "$",
      "lemma": "up",
      "dep": "expl",
      "head": 42
    },
    {
      "id": 44,
      "start": 201,
      "end": 204,
      "tag": "$",
      "lemma": "and",
      "dep": "expl",
      "head": 43
    },
    {
      "id": 45,
      "start": 205,
      "end": 210,
      "tag": "$",
      "lemma": "leave",
      "dep": "expl",
      "head": 44
    },
    {
      "id": 46,
      "start": 210,
      "end": 211,
      "tag": "$",
      "lemma": "\n",
      "dep": "expl",
      "head": 45
    },
    {
      "id": 47,
      "start": 211,
      "end": 214,
      "tag": "$",
      "lemma": "the",
      "dep": "expl",
      "head": 46
    },
    {
      "id": 48,
      "start": 215,
      "end": 220,
      "tag": "$",
      "lemma": "court",
      "dep": "expl",
      "head": 47
    },
    {
      "id": 49,
      "start": 220,
      "end": 221,
      "tag": "$",
      "lemma": ";",
      "dep": "expl",
      "head": 48
    },
    {
      "id": 50,
      "start": 222,
      "end": 225,
      "tag": "$",
      "lemma": "but",
      "dep": "expl",
      "head": 49
    },
    {
      "id": 51,
      "start": 226,
      "end": 228,
      "tag": "$",
      "lemma": "on",
      "dep": "expl",
      "head": 50
    },
    {
      "id": 52,
      "start": 229,
      "end": 235,
      "tag": "$",
      "lemma": "second",
      "dep": "expl",
      "head": 51
    },
    {
      "id": 53,
      "start": 236,
      "end": 244,
      "tag": "$",
      "lemma": "thoughts",
      "dep": "expl",
      "head": 52
    },
    {
      "id": 54,
      "start": 245,
      "end": 248,
      "tag": "$",
      "lemma": "she",
      "dep": "expl",
      "head": 53
    },
    {
      "id": 55,
      "start": 249,
      "end": 256,
      "tag": "$",
      "lemma": "decided",
      "dep": "expl",
      "head": 54
    },
    {
      "id": 56,
      "start": 257,
      "end": 259,
      "tag": "$",
      "lemma": "to",
      "dep": "expl",
      "head": 55
    },
    {
      "id": 57,
      "start": 260,
      "end": 266,
      "tag": "$",
      "lemma": "remain",
      "dep": "expl",
      "head": 56
    },
    {
      "id": 58,
      "start": 267,
      "end": 272,
      "tag": "$",
      "lemma": "where",
      "dep": "expl",
      "head": 57
    },
    {
      "id": 59,
      "start": 273,
      "end": 276,
      "tag": "$",
      "lemma": "she",
      "dep": "expl",
      "head": 58
    },
    {
      "id": 60,
      "start": 277,
      "end": 280,
      "tag": "$",
      "lemma": "was",
      "dep": "expl",
      "head": 59
    },
    {
      "id": 61,
      "start": 280,
      "end": 281,
      "tag": "$",
      "lemma": "\n",
      "dep": "expl",
      "head": 60
    },
    {
      "id": 62,
      "start": 281,
      "end": 283,
      "tag": "$",
      "lemma": "as",
      "dep": "expl",
      "head": 61
    },
    {
      "id": 63,
      "start": 284,
      "end": 288,
      "tag": "$",
      "lemma": "long",
      "dep": "expl",
      "head": 62
    },
    {
      "id": 64,
      "start": 289,
      "end": 291,
      "tag": "$",
      "lemma": "as",
      "dep": "expl",
      "head": 63
    },
    {
      "id": 65,
      "start": 292,
      "end": 297,
      "tag": "$",
      "lemma": "there",
      "dep": "expl",
      "head": 64
    },
    {
      "id": 66,
      "start": 298,
      "end": 301,
      "tag": "$",
      "lemma": "was",
      "dep": "expl",
      "head": 65
    },
    {
      "id": 67,
      "start": 302,
      "end": 306,
      "tag": "$",
      "lemma": "room",
      "dep": "expl",
      "head": 66
    },
    {
      "id": 68,
      "start": 307,
      "end": 310,
      "tag": "$",
      "lemma": "for",
      "dep": "expl",
      "head": 67
    },
    {
      "id": 69,
      "start": 311,
      "end": 314,
      "tag": "$",
      "lemma": "her",
      "dep": "expl",
      "head": 68
    },
    {
      "id": 70,
      "start": 314,
      "end": 315,
      "tag": "$",
      "lemma": ".",
      "dep": "expl",
      "head": 69
    },
    {
      "id": 71,
      "start": 315,
      "end": 317,
      "tag": "$",
      "lemma": "\n\n",
      "dep": "expl",
      "head": 70
    },
    {
      "id": 72,
      "start": 317,
      "end": 318,
      "tag": "$",
      "lemma": "\u201c",
      "dep": "expl",
      "head": 71
    },
    {
      "id": 73,
      "start": 318,
      "end": 319,
      "tag": "$",
      "lemma": "i",
      "dep": "expl",
      "head": 72
    },
    {
      "id": 74,
      "start": 320,
      "end": 324,
      "tag": "$",
      "lemma": "wish",
      "dep": "expl",
      "head": 73
    },
    {
      "id": 75,
      "start": 325,
      "end": 328,
      "tag": "$",
      "lemma": "you",
      "dep": "expl",
      "head": 74
    },
    {
      "id": 76,
      "start": 329,
      "end": 334,
      "tag": "$",
      "lemma": "would",
      "dep": "expl",
      "head": 75
    },
    {
      "id": 77,
      "start": 334,
      "end": 337,
      "tag": "$",
      "lemma": "n\u2019t",
      "dep": "expl",
      "head": 76
    },
    {
      "id": 78,
      "start": 338,
      "end": 345,
      "tag": "$",
      "lemma": "squeeze",
      "dep": "expl",
      "head": 77
    },
    {
      "id": 79,
      "start": 346,
      "end": 348,
      "tag": "$",
      "lemma": "so",
      "dep": "expl",
      "head": 78
    },
    {
      "id": 80,
      "start": 348,
      "end": 349,
      "tag": "$",
      "lemma": ",",
      "dep": "expl",
      "head": 79
    },
    {
      "id": 81,
      "start": 349,
      "end": 350,
      "tag": "$",
      "lemma": "\u201d",
      "dep": "expl",
      "head": 80
    },
    {
      "id": 82,
      "start": 351,
      "end": 355,
      "tag": "$",
      "lemma": "said",
      "dep": "expl",
      "head": 81
    },
    {
      "id": 83,
      "start": 356,
      "end": 359,
      "tag": "$",
      "lemma": "the",
      "dep": "expl",
      "head": 82
    },
    {
      "id": 84,
      "start": 360,
      "end": 368,
      "tag": "$",
      "lemma": "dormouse",
      "dep": "expl",
      "head": 83
    },
    {
      "id": 85,
      "start": 368,
      "end": 369,
      "tag": "$",
      "lemma": ",",
      "dep": "expl",
      "head": 84
    },
    {
      "id": 86,
      "start": 370,
      "end": 373,
      "tag": "$",
      "lemma": "who",
      "dep": "expl",
      "head": 85
    },
    {
      "id": 87,
      "start": 374,
      "end": 377,
      "tag": "$",
      "lemma": "was",
      "dep": "expl",
      "head": 86
    },
    {
      "id": 88,
      "start": 378,
      "end": 385,
      "tag": "$",
      "lemma": "sitting",
      "dep": "expl",
      "head": 87
    },
    {
      "id": 89,
      "start": 385,
      "end": 386,
      "tag": "$",
      "lemma": "\n",
      "dep": "expl",
      "head": 88
    },
    {
      "id": 90,
      "start": 386,
      "end": 390,
      "tag": "$",
      "lemma": "next",
      "dep": "expl",
      "head": 89
    },
    {
      "id": 91,
      "start": 391,
      "end": 393,
      "tag": "$",
      "lemma": "to",
      "dep": "expl",
      "head": 90
    },
    {
      "id": 92,
      "start": 394,
      "end": 397,
      "tag": "$",
      "lemma": "her",
      "dep": "expl",
      "head": 91
    },
    {
      "id": 93,
      "start": 397,
      "end": 398,
      "tag": "$",
      "lemma": ".",
      "dep": "expl",
      "head": 92
    },
    {
      "id": 94,
      "start": 399,
      "end": 400,
      "tag": "$",
      "lemma": "\u201c",
      "dep": "expl",
      "head": 93
    },
    {
      "id": 95,
      "start": 400,
      "end": 401,
      "tag": "$",
      "lemma": "i",
      "dep": "expl",
      "head": 94
    },
    {
      "id": 96,
      "start": 402,
      "end": 405,
      "tag": "$",
      "lemma": "can",
      "dep": "expl",
      "head": 95
    },
    {
      "id": 97,
      "start": 406,
      "end": 412,
      "tag": "$",
      "lemma": "hardly",
      "dep": "expl",
      "head": 96
    },
    {
      "id": 98,
      "start": 413,
      "end": 420,
      "tag": "$",
      "lemma": "breathe",
      "dep": "expl",
      "head": 97
    },
    {
      "id": 99,
      "start": 420,
      "end": 421,
      "tag": "$",
      "lemma": ".",
      "dep": "expl",
      "head": 98
    },
    {
      "id": 100,
      "start": 421,
      "end": 422,
      "tag": "$",
      "lemma": "\u201d",
      "dep": "expl",
      "head": 99
    },
    {
      "id": 101,
      "start": 422,
      "end": 424,
      "tag": "$",
      "lemma": "\n\n",
      "dep": "expl",
      "head": 100
    },
    {
      "id": 102,
      "start": 424,
      "end": 425,
      "tag": "$",
      "lemma": "\u201c",
      "dep": "expl",
      "head": 101
    },
    {
      "id": 103,
      "start": 425,
      "end": 426,
      "tag": "$",
      "lemma": "i",
      "dep": "expl",
      "head": 102
    },
    {
      "id": 104,
      "start": 427,
      "end": 429,
      "tag": "$",
      "lemma": "ca",
      "dep": "expl",
      "head": 103
    },
    {
      "id": 105,
      "start": 429,
      "end": 432,
      "tag": "$",
      "lemma": "n\u2019t",
      "dep": "expl",
      "head": 104
    },
    {
      "id": 106,
      "start": 433,
      "end": 437,
      "tag": "$",
      "lemma": "help",
      "dep": "expl",
      "head": 105
    },
    {
      "id": 107,
      "start": 438,
      "end": 440,
      "tag": "$",
      "lemma": "it",
      "dep": "expl",
      "head": 106
    },
    {
      "id": 108,
      "start": 440,
      "end": 441,
      "tag": "$",
      "lemma": ",",
      "dep": "expl",
      "head": 107
    },
    {
      "id": 109,
      "start": 441,
      "end": 442,
      "tag": "$",
      "lemma": "\u201d",
      "dep": "expl",
      "head": 108
    },
    {
      "id": 110,
      "start": 443,
      "end": 447,
      "tag": "$",
      "lemma": "said",
      "dep": "expl",
      "head": 109
    },
    {
      "id": 111,
      "start": 448,
      "end": 453,
      "tag": "$",
      "lemma": "alice",
      "dep": "expl",
      "head": 110
    },
    {
      "id": 112,
      "start": 454,
      "end": 458,
      "tag": "$",
      "lemma": "very",
      "dep": "expl",
      "head": 111
    },
    {
      "id": 113,
      "start": 459,
      "end": 465,
      "tag": "$",
      "lemma": "meekly",
      "dep": "expl",
      "head": 112
    },
    {
      "id": 114,
      "start": 465,
      "end": 466,
      "tag": "$",
      "lemma": ":",
      "dep": "expl",
      "head": 113
    },
    {
      "id": 115,
      "start": 467,
      "end": 468,
      "tag": "$",
      "lemma": "\u201c",
      "dep": "expl",
      "head": 114
    },
    {
      "id": 116,
      "start": 468,
      "end": 469,
      "tag": "$",
      "lemma": "i",
      "dep": "expl",
      "head": 115
    },
    {
      "id": 117,
      "start": 469,
      "end": 471,
      "tag": "$",
      "lemma": "\u2019m",
      "dep": "expl",
      "head": 116
    },
    {
      "id": 118,
      "start": 472,
      "end": 479,
      "tag": "$",
      "lemma": "growing",
      "dep": "expl",
      "head": 117
    },
    {
      "id": 119,
      "start": 479,
      "end": 480,
      "tag": "$",
      "lemma": ".",
      "dep": "expl",
      "head": 118
    },
    {
      "id": 120,
      "start": 480,
      "end": 481,
      "tag": "$",
      "lemma": "\u201d",
      "dep": "expl",
      "head": 119
    },
    {
      "id": 121,
      "start": 481,
      "end": 483,
      "tag": "$",
      "lemma": "\n\n",
      "dep": "expl",
      "head": 120
    },
    {
      "id": 122,
      "start": 483,
      "end": 484,
      "tag": "$",
      "lemma": "\u201c",
      "dep": "expl",
      "head": 121
    },
    {
      "id": 123,
      "start": 484,
      "end": 487,
      "tag": "$",
      "lemma": "you",
      "dep": "expl",
      "head": 122
    },
    {
      "id": 124,
      "start": 487,
      "end": 490,
      "tag": "$",
      "lemma": "\u2019ve",
      "dep": "expl",
      "head": 123
    },
    {
      "id": 125,
      "start": 491,
      "end": 493,
      "tag": "$",
      "lemma": "no",
      "dep": "expl",
      "head": 124
    },
    {
      "id": 126,
      "start": 494,
      "end": 499,
      "tag": "$",
      "lemma": "right",
      "dep": "expl",
      "head": 125
    },
    {
      "id": 127,
      "start": 500,
      "end": 502,
      "tag": "$",
      "lemma": "to",
      "dep": "expl",
      "head": 126
    },
    {
      "id": 128,
      "start": 503,
      "end": 507,
      "tag": "$",
      "lemma": "grow",
      "dep": "expl",
      "head": 127
    },
    {
      "id": 129,
      "start": 508,
      "end": 509,
      "tag": "$",
      "lemma": "_",
      "dep": "expl",
      "head": 128
    },
    {
      "id": 130,
      "start": 509,
      "end": 513,
      "tag": "$",
      "lemma": "here",
      "dep": "expl",
      "head": 129
    },
    {
      "id": 131,
      "start": 513,
      "end": 514,
      "tag": "$",
      "lemma": "_",
      "dep": "expl",
      "head": 130
    },
    {
      "id": 132,
      "start": 514,
      "end": 515,
      "tag": "$",
      "lemma": ",",
      "dep": "expl",
      "head": 131
    },
    {
      "id": 133,
      "start": 515,
      "end": 516,
      "tag": "$",
      "lemma": "\u201d",
      "dep": "expl",
      "head": 132
    },
    {
      "id": 134,
      "start": 517,
      "end": 521,
      "tag": "$",
      "lemma": "said",
      "dep": "expl",
      "head": 133
    },
    {
      "id": 135,
      "start": 522,
      "end": 525,
      "tag": "$",
      "lemma": "the",
      "dep": "expl",
      "head": 134
    },
    {
      "id": 136,
      "start": 526,
      "end": 534,
      "tag": "$",
      "lemma": "dormouse",
      "dep": "expl",
      "head": 135
    },
    {
      "id": 137,
      "start": 534,
      "end": 535,
      "tag": "$",
      "lemma": ".",
      "dep": "expl",
      "head": 136
    },
    {
      "id": 138,
      "start": 535,
      "end": 537,
      "tag": "$",
      "lemma": "\n\n",
      "dep": "expl",
      "head": 137
    },
    {
      "id": 139,
      "start": 537,
      "end": 538,
      "tag": "$",
      "lemma": "\u201c",
      "dep": "expl",
      "head": 138
    },
    {
      "id": 140,
      "start": 538,
      "end": 540,
      "tag": "$",
      "lemma": "do",
      "dep": "expl",
      "head": 139
    },
    {
      "id": 141,
      "start": 540,
      "end": 543,
      "tag": "$",
      "lemma": "n\u2019t",
      "dep": "expl",
      "head": 140
    },
    {
      "id": 142,
      "start": 544,
      "end": 548,
      "tag": "$",
      "lemma": "talk",
      "dep": "expl",
      "head": 141
    },
    {
      "id": 143,
      "start": 549,
      "end": 557,
      "tag": "$",
      "lemma": "nonsense",
      "dep": "expl",
      "head": 142
    },
    {
      "id": 144,
      "start": 557,
      "end": 558,
      "tag": "$",
      "lemma": ",",
      "dep": "expl",
      "head": 143
    },
    {
      "id": 145,
      "start": 558,
      "end": 559,
      "tag": "$",
      "lemma": "\u201d",
      "dep": "expl",
      "head": 144
    },
    {
      "id": 146,
      "start": 560,
      "end": 564,
      "tag": "$",
      "lemma": "said",
      "dep": "expl",
      "head": 145
    },
    {
      "id": 147,
      "start": 565,
      "end": 570,
      "tag": "$",
      "lemma": "alice",
      "dep": "expl",
      "head": 146
    },
    {
      "id": 148,
      "start": 571,
      "end": 575,
      "tag": "$",
      "lemma": "more",
      "dep": "expl",
      "head": 147
    },
    {
      "id": 149,
      "start": 576,
      "end": 582,
      "tag": "$",
      "lemma": "boldly",
      "dep": "expl",
      "head": 148
    },
    {
      "id": 150,
      "start": 582,
      "end": 583,
      "tag": "$",
      "lemma": ":",
      "dep": "expl",
      "head": 149
    },
    {
      "id": 151,
      "start": 584,
      "end": 585,
      "tag": "$",
      "lemma": "\u201c",
      "dep": "expl",
      "head": 150
    },
    {
      "id": 152,
      "start": 585,
      "end": 588,
      "tag": "$",
      "lemma": "you",
      "dep": "expl",
      "head": 151
    },
    {
      "id": 153,
      "start": 589,
      "end": 593,
      "tag": "$",
      "lemma": "know",
      "dep": "expl",
      "head": 152
    },
    {
      "id": 154,
      "start": 594,
      "end": 597,
      "tag": "$",
      "lemma": "you",
      "dep": "expl",
      "head": 153
    },
    {
      "id": 155,
      "start": 597,
      "end": 600,
      "tag": "$",
      "lemma": "\u2019re",
      "dep": "expl",
      "head": 154
    },
    {
      "id": 156,
      "start": 601,
      "end": 608,
      "tag": "$",
      "lemma": "growing",
      "dep": "expl",
      "head": 155
    },
    {
      "id": 157,
      "start": 608,
      "end": 609,
      "tag": "$",
      "lemma": "\n",
      "dep": "expl",
      "head": 156
    },
    {
      "id": 158,
      "start": 609,
      "end": 612,
      "tag": "$",
      "lemma": "too",
      "dep": "expl",
      "head": 157
    },
    {
      "id": 159,
      "start": 612,
      "end": 613,
      "tag": "$",
      "lemma": ".",
      "dep": "expl",
      "head": 158
    },
    {
      "id": 160,
      "start": 613,
      "end": 614,
      "tag": "$",
      "lemma": "\u201d",
      "dep": "expl",
      "head": 159
    },
    {
      "id": 161,
      "start": 614,
      "end": 616,
      "tag": "$",
      "lemma": "\n\n",
      "dep": "expl",
      "head": 160
    },
    {
      "id": 162,
      "start": 616,
      "end": 617,
      "tag": "$",
      "lemma": "\u201c",
      "dep": "expl",
      "head": 161
    },
    {
      "id": 163,
      "start": 617,
      "end": 620,
      "tag": "$",
      "lemma": "yes",
      "dep": "expl",
      "head": 162
    },
    {
      "id": 164,
      "start": 620,
      "end": 621,
      "tag": "$",
      "lemma": ",",
      "dep": "expl",
      "head": 163
    },
    {
      "id": 165,
      "start": 622,
      "end": 625,
      "tag": "$",
      "lemma": "but",
      "dep": "expl",
      "head": 164
    },
    {
      "id": 166,
      "start": 626,
      "end": 627,
      "tag": "$",
      "lemma": "_",
      "dep": "expl",
      "head": 165
    },
    {
      "id": 167,
      "start": 627,
      "end": 628,
      "tag": "$",
      "lemma": "i",
      "dep": "expl",
      "head": 166
    },
    {
      "id": 168,
      "start": 628,
      "end": 629,
      "tag": "$",
      "lemma": "_",
      "dep": "expl",
      "head": 167
    },
    {
      "id": 169,
      "start": 630,
      "end": 634,
      "tag": "$",
      "lemma": "grow",
      "dep": "expl",
      "head": 168
    },
    {
      "id": 170,
      "start": 635,
      "end": 637,
      "tag": "$",
      "lemma": "at",
      "dep": "expl",
      "head": 169
    },
    {
      "id": 171,
      "start": 638,
      "end": 639,
      "tag": "$",
      "lemma": "a",
      "dep": "expl",
      "head": 170
    },
    {
      "id": 172,
      "start": 640,
      "end": 650,
      "tag": "$",
      "lemma": "reasonable",
      "dep": "expl",
      "head": 171
    },
    {
      "id": 173,
      "start": 651,
      "end": 655,
      "tag": "$",
      "lemma": "pace",
      "dep": "expl",
      "head": 172
    },
    {
      "id": 174,
      "start": 655,
      "end": 656,
      "tag": "$",
      "lemma": ",",
      "dep": "expl",
      "head": 173
    },
    {
      "id": 175,
      "start": 656,
      "end": 657,
      "tag": "$",
      "lemma": "\u201d",
      "dep": "expl",
      "head": 174
    },
    {
      "id": 176,
      "start": 658,
      "end": 662,
      "tag": "$",
      "lemma": "said",
      "dep": "expl",
      "head": 175
    },
    {
      "id": 177,
      "start": 663,
      "end": 666,
      "tag": "$",
      "lemma": "the",
      "dep": "expl",
      "head": 176
    },
    {
      "id": 178,
      "start": 667,
      "end": 675,
      "tag": "$",
      "lemma": "dormouse",
      "dep": "expl",
      "head": 177
    },
    {
      "id": 179,
      "start": 675,
      "end": 676,
      "tag": "$",
      "lemma": ":",
      "dep": "expl",
      "head": 178
    },
    {
      "id": 180,
      "start": 677,
      "end": 678,
      "tag": "$",
      "lemma": "\u201c",
      "dep": "expl",
      "head": 179
    },
    {
      "id": 181,
      "start": 678,
      "end": 681,
      "tag": "$",
      "lemma": "not",
      "dep": "expl",
      "head": 180
    },
    {
      "id": 182,
      "start": 682,
      "end": 684,
      "tag": "$",
      "lemma": "in",
      "dep": "expl",
      "head": 181
    },
    {
      "id": 183,
      "start": 684,
      "end": 685,
      "tag": "$",
      "lemma": "\n",
      "dep": "expl",
      "head": 182
    },
    {
      "id": 184,
      "start": 685,
      "end": 689,
      "tag": "$",
      "lemma": "that",
      "dep": "expl",
      "head": 183
    },
    {
      "id": 185,
      "start": 690,
      "end": 700,
      "tag": "$",
      "lemma": "ridiculous",
      "dep": "expl",
      "head": 184
    },
    {
      "id": 186,
      "start": 701,
      "end": 708,
      "tag": "$",
      "lemma": "fashion",
      "dep": "expl",
      "head": 185
    },
    {
      "id": 187,
      "start": 708,
      "end": 709,
      "tag": "$",
      "lemma": ".",
      "dep": "expl",
      "head": 186
    },
    {
      "id": 188,
      "start": 709,
      "end": 710,
      "tag": "$",
      "lemma": "\u201d",
      "dep": "expl",
      "head": 187
    },
    {
      "id": 189,
      "start": 711,
      "end": 714,
      "tag": "$",
      "lemma": "and",
      "dep": "expl",
      "head": 188
    },
    {
      "id": 190,
      "start": 715,
      "end": 717,
      "tag": "$",
      "lemma": "he",
      "dep": "expl",
      "head": 189
    },
    {
      "id": 191,
      "start": 718,
      "end": 721,
      "tag": "$",
      "lemma": "got",
      "dep": "expl",
      "head": 190
    },
    {
      "id": 192,
      "start": 722,
      "end": 724,
      "tag": "$",
      "lemma": "up",
      "dep": "expl",
      "head": 191
    },
    {
      "id": 193,
      "start": 725,
      "end": 729,
      "tag": "$",
      "lemma": "very",
      "dep": "expl",
      "head": 192
    },
    {
      "id": 194,
      "start": 730,
      "end": 737,
      "tag": "$",
      "lemma": "sulkily",
      "dep": "expl",
      "head": 193
    },
    {
      "id": 195,
      "start": 738,
      "end": 741,
      "tag": "$",
      "lemma": "and",
      "dep": "expl",
      "head": 194
    },
    {
      "id": 196,
      "start": 742,
      "end": 749,
      "tag": "$",
      "lemma": "crossed",
      "dep": "expl",
      "head": 195
    },
    {
      "id": 197,
      "start": 750,
      "end": 754,
      "tag": "$",
      "lemma": "over",
      "dep": "expl",
      "head": 196
    },
    {
      "id": 198,
      "start": 754,
      "end": 755,
      "tag": "$",
      "lemma": "\n",
      "dep": "expl",
      "head": 197
    },
    {
      "id": 199,
      "start": 755,
      "end": 757,
      "tag": "$",
      "lemma": "to",
      "dep": "expl",
      "head": 198
    },
    {
      "id": 200,
      "start": 758,
      "end": 761,
      "tag": "$",
      "lemma": "the",
      "dep": "expl",
      "head": 199
    },
    {
      "id": 201,
      "start": 762,
      "end": 767,
      "tag": "$",
      "lemma": "other",
      "dep": "expl",
      "head": 200
    },
    {
      "id": 202,
      "start": 768,
      "end": 772,
      "tag": "$",
      "lemma": "side",
      "dep": "expl",
      "head": 201
    },
    {
      "id": 203,
      "start": 773,
      "end": 775,
      "tag": "$",
      "lemma": "of",
      "dep": "expl",
      "head": 202
    },
    {
      "id": 204,
      "start": 776,
      "end": 779,
      "tag": "$",
      "lemma": "the",
      "dep": "expl",
      "head": 203
    },
    {
      "id": 205,
      "start": 780,
      "end": 785,
      "tag": "$",
      "lemma": "court",
      "dep": "expl",
      "head": 204
    },
    {
      "id": 206,
      "start": 785,
      "end": 786,
      "tag": "$",
      "lemma": ".",
      "dep": "expl",
      "head": 205
    },
    {
      "id": 207,
      "start": 786,
      "end": 788,
      "tag": "$",
      "lemma": "\n\n",
      "dep": "expl",
      "head": 206
    },
    {
      "id": 208,
      "start": 788,
      "end": 791,
      "tag": "$",
      "lemma": "all",
      "dep": "expl",
      "head": 207
    },
    {
      "id": 209,
      "start": 792,
      "end": 796,
      "tag": "$",
      "lemma": "this",
      "dep": "expl",
      "head": 208
    },
    {
      "id": 210,
      "start": 797,
      "end": 801,
      "tag": "$",
      "lemma": "time",
      "dep": "expl",
      "head": 209
    },
    {
      "id": 211,
      "start": 802,
      "end": 805,
      "tag": "$",
      "lemma": "the",
      "dep": "expl",
      "head": 210
    },
    {
      "id": 212,
      "start": 806,
      "end": 811,
      "tag": "$",
      "lemma": "queen",
      "dep": "expl",
      "head": 211
    },
    {
      "id": 213,
      "start": 812,
      "end": 815,
      "tag": "$",
      "lemma": "had",
      "dep": "expl",
      "head": 212
    },
    {
      "id": 214,
      "start": 816,
      "end": 821,
      "tag": "$",
      "lemma": "never",
      "dep": "expl",
      "head": 213
    },
    {
      "id": 215,
      "start": 822,
      "end": 826,
      "tag": "$",
      "lemma": "left",
      "dep": "expl",
      "head": 214
    },
    {
      "id": 216,
      "start": 827,
      "end": 830,
      "tag": "$",
      "lemma": "off",
      "dep": "expl",
      "head": 215
    },
    {
      "id": 217,
      "start": 831,
      "end": 838,
      "tag": "$",
      "lemma": "staring",
      "dep": "expl",
      "head": 216
    },
    {
      "id": 218,
      "start": 839,
      "end": 841,
      "tag": "$",
      "lemma": "at",
      "dep": "expl",
      "head": 217
    },
    {
      "id": 219,
      "start": 842,
      "end": 845,
      "tag": "$",
      "lemma": "the",
      "dep": "expl",
      "head": 218
    },
    {
      "id": 220,
      "start": 846,
      "end": 852,
      "tag": "$",
      "lemma": "hatter",
      "dep": "expl",
      "head": 219
    },
    {
      "id": 221,
      "start": 852,
      "end": 853,
      "tag": "$",
      "lemma": ",",
      "dep": "expl",
      "head": 220
    },
    {
      "id": 222,
      "start": 854,
      "end": 857,
      "tag": "$",
      "lemma": "and",
      "dep": "expl",
      "head": 221
    },
    {
      "id": 223,
      "start": 857,
      "end": 858,
      "tag": "$",
      "lemma": ",",
      "dep": "expl",
      "head": 222
    },
    {
      "id": 224,
      "start": 858,
      "end": 859,
      "tag": "$",
      "lemma": "\n",
      "dep": "expl",
      "head": 223
    },
    {
      "id": 225,
      "start": 859,
      "end": 863,
      "tag": "$",
      "lemma": "just",
      "dep": "expl",
      "head": 224
    },
    {
      "id": 226,
      "start": 864,
      "end": 866,
      "tag": "$",
      "lemma": "as",
      "dep": "expl",
      "head": 225
    },
    {
      "id": 227,
      "start": 867,
      "end": 870,
      "tag": "$",
      "lemma": "the",
      "dep": "expl",
      "head": 226
    },
    {
      "id": 228,
      "start": 871,
      "end": 879,
      "tag": "$",
      "lemma": "dormouse",
      "dep": "expl",
      "head": 227
    },
    {
      "id": 229,
      "start": 880,
      "end": 887,
      "tag": "$",
      "lemma": "crossed",
      "dep": "expl",
      "head": 228
    },
    {
      "id": 230,
      "start": 888,
      "end": 891,
      "tag": "$",
      "lemma": "the",
      "dep": "expl",
      "head": 229
    },
    {
      "id": 231,
      "start": 892,
      "end": 897,
      "tag": "$",
      "lemma": "court",
      "dep": "expl",
      "head": 230
    },
    {
      "id": 232,
      "start": 897,
      "end": 898,
      "tag": "$",
      "lemma": ",",
      "dep": "expl",
      "head": 231
    },
    {
      "id": 233,
      "start": 899,
      "end": 902,
      "tag": "$",
      "lemma": "she",
      "dep": "expl",
      "head": 232
    },
    {
      "id": 234,
      "start": 903,
      "end": 907,
      "tag": "$",
      "lemma": "said",
      "dep": "expl",
      "head": 233
    },
    {
      "id": 235,
      "start": 908,
      "end": 910,
      "tag": "$",
      "lemma": "to",
      "dep": "expl",
      "head": 234
    },
    {
      "id": 236,
      "start": 911,
      "end": 914,
      "tag": "$",
      "lemma": "one",
      "dep": "expl",
      "head": 235
    },
    {
      "id": 237,
      "start": 915,
      "end": 917,
      "tag": "$",
      "lemma": "of",
      "dep": "expl",
      "head": 236
    },
    {
      "id": 238,
      "start": 918,
      "end": 921,
      "tag": "$",
      "lemma": "the",
      "dep": "expl",
      "head": 237
    },
    {
      "id": 239,
      "start": 922,
      "end": 930,
      "tag": "$",
      "lemma": "officers",
      "dep": "expl",
      "head": 238
    },
    {
      "id": 240,
      "start": 930,
      "end": 931,
      "tag": "$",
      "lemma": "\n",
      "dep": "expl",
      "head": 239
    },
    {
      "id": 241,
      "start": 931,
      "end": 933,
      "tag": "$",
      "lemma": "of",
      "dep": "expl",
      "head": 240
    },
    {
      "id": 242,
      "start": 934,
      "end": 937,
      "tag": "$",
      "lemma": "the",
      "dep": "expl",
      "head": 241
    },
    {
      "id": 243,
      "start": 938,
      "end": 943,
      "tag": "$",
      "lemma": "court",
      "dep": "expl",
      "head": 242
    },
    {
      "id": 244,
      "start": 943,
      "end": 944,
      "tag": "$",
      "lemma": ",",
      "dep": "expl",
      "head": 243
    },
    {
      "id": 245,
      "start": 945,
      "end": 946,
      "tag": "$",
      "lemma": "\u201c",
      "dep": "expl",
      "head": 244
    },
    {
      "id": 246,
      "start": 946,
      "end": 951,
      "tag": "$",
      "lemma": "bring",
      "dep": "expl",
      "head": 245
    },
    {
      "id": 247,
      "start": 952,
      "end": 954,
      "tag": "$",
      "lemma": "me",
      "dep": "expl",
      "head": 246
    },
    {
      "id": 248,
      "start": 955,
      "end": 958,
      "tag": "$",
      "lemma": "the",
      "dep": "expl",
      "head": 247
    },
    {
      "id": 249,
      "start": 959,
      "end": 963,
      "tag": "$",
      "lemma": "list",
      "dep": "expl",
      "head": 248
    },
    {
      "id": 250,
      "start": 964,
      "end": 966,
      "tag": "$",
      "lemma": "of",
      "dep": "expl",
      "head": 249
    },
    {
      "id": 251,
      "start": 967,
      "end": 970,
      "tag": "$",
      "lemma": "the",
      "dep": "expl",
      "head": 250
    },
    {
      "id": 252,
      "start": 971,
      "end": 978,
      "tag": "$",
      "lemma": "singers",
      "dep": "expl",
      "head": 251
    },
    {
      "id": 253,
      "start": 979,
      "end": 981,
      "tag": "$",
      "lemma": "in",
      "dep": "expl",
      "head": 252
    },
    {
      "id": 254,
      "start": 982,
      "end": 985,
      "tag": "$",
      "lemma": "the",
      "dep": "expl",
      "head": 253
    },
    {
      "id": 255,
      "start": 986,
      "end": 990,
      "tag": "$",
      "lemma": "last",
      "dep": "expl",
      "head": 254
    },
    {
      "id": 256,
      "start": 991,
      "end": 998,
      "tag": "$",
      "lemma": "concert",
      "dep": "expl",
      "head": 255
    },
    {
      "id": 257,
      "start": 998,
      "end": 999,
      "tag": "$",
      "lemma": "!",
      "dep": "expl",
      "head": 256
    },
    {
      "id": 258,
      "start": 999,
      "end": 1000,
      "tag": "$",
      "lemma": "\u201d",
      "dep": "expl",
      "head": 257
    },
    {
      "id": 259,
      "start": 1000,
      "end": 1001,
      "tag": "$",
      "lemma": "\n",
      "dep": "expl",
      "head": 258
    },
    {
      "id": 260,
      "start": 1001,
      "end": 1003,
      "tag": "$",
      "lemma": "on",
      "dep": "expl",
      "head": 259
    },
    {
      "id": 261,
      "start": 1004,
      "end": 1009,
      "tag": "$",
      "lemma": "which",
      "dep": "expl",
      "head": 260
    },
    {
      "id": 262,
      "start": 1010,
      "end": 1013,
      "tag": "$",
      "lemma": "the",
      "dep": "expl",
      "head": 261
    },
    {
      "id": 263,
      "start": 1014,
      "end": 1022,
      "tag": "$",
      "lemma": "wretched",
      "dep": "expl",
      "head": 262
    },
    {
      "id": 264,
      "start": 1023,
      "end": 1029,
      "tag": "$",
      "lemma": "hatter",
      "dep": "expl",
      "head": 263
    },
    {
      "id": 265,
      "start": 1030,
      "end": 1038,
      "tag": "$",
      "lemma": "trembled",
      "dep": "expl",
      "head": 264
    },
    {
      "id": 266,
      "start": 1039,
      "end": 1041,
      "tag": "$",
      "lemma": "so",
      "dep": "expl",
      "head": 265
    },
    {
      "id": 267,
      "start": 1041,
      "end": 1042,
      "tag": "$",
      "lemma": ",",
      "dep": "expl",
      "head": 266
    },
    {
      "id": 268,
      "start": 1043,
      "end": 1047,
      "tag": "$",
      "lemma": "that",
      "dep": "expl",
      "head": 267
    },
    {
      "id": 269,
      "start": 1048,
      "end": 1050,
      "tag": "$",
      "lemma": "he",
      "dep": "expl",
      "head": 268
    },
    {
      "id": 270,
      "start": 1051,
      "end": 1056,
      "tag": "$",
      "lemma": "shook",
      "dep": "expl",
      "head": 269
    },
    {
      "id": 271,
      "start": 1057,
      "end": 1061,
      "tag": "$",
      "lemma": "both",
      "dep": "expl",
      "head": 270
    },
    {
      "id": 272,
      "start": 1062,
      "end": 1065,
      "tag": "$",
      "lemma": "his",
      "dep": "expl",
      "head": 271
    },
    {
      "id": 273,
      "start": 1066,
      "end": 1071,
      "tag": "$",
      "lemma": "shoes",
      "dep": "expl",
      "head": 272
    },
    {
      "id": 274,
      "start": 1071,
      "end": 1072,
      "tag": "$",
      "lemma": "\n",
      "dep": "expl",
      "head": 273
    },
    {
      "id": 275,
      "start": 1072,
      "end": 1075,
      "tag": "$",
      "lemma": "off",
      "dep": "expl",
      "head": 274
    },
    {
      "id": 276,
      "start": 1075,
      "end": 1076,
      "tag": "$",
      "lemma": ".",
      "dep": "expl",
      "head": 275
    }
  ],
  "spans": {
    "coref_clusters_1": [
      {
        "start": 5,
        "end": 7,
        "label": "",
        "kb_id": ""
      },
      {
        "start": 8,
        "end": 12,
        "label": "",
        "kb_id": ""
      },
      {
        "start": 20,
        "end": 25,
        "label": "",
        "kb_id": ""
      },
      {
        "start": 26,
        "end": 30,
        "label": "",
        "kb_id": ""
      },
      {
        "start": 31,
        "end": 32,
        "label": "",
        "kb_id": ""
      },
      {
        "start": 33,
        "end": 37,
        "label": "",
        "kb_id": ""
      },
      {
        "start": 38,
        "end": 45,
        "label": "",
        "kb_id": ""
      },
      {
        "start": 46,
        "end": 55,
        "label": "",
        "kb_id": ""
      },
      {
        "start": 55,
        "end": 56,
        "label": "",
        "kb_id": ""
      },
      {
        "start": 57,
        "end": 62,
        "label": "",
        "kb_id": ""
      },
      {
        "start": 63,
        "end": 70,
        "label": "",
        "kb_id": ""
      },
      {
        "start": 70,
        "end": 71,
        "label": "",
        "kb_id": ""
      },
      {
        "start": 71,
        "end": 74,
        "label": "",
        "kb_id": ""
      },
      {
        "start": 75,
        "end": 76,
        "label": "",
        "kb_id": ""
      },
      {
        "start": 77,
        "end": 81,
        "label": "",
        "kb_id": ""
      },
      {
        "start": 82,
        "end": 86,
        "label": "",
        "kb_id": ""
      },
      {
        "start": 87,
        "end": 92,
        "label": "",
        "kb_id": ""
      },
      {
        "start": 93,
        "end": 96,
        "label": "",
        "kb_id": ""
      },
      {
        "start": 97,
        "end": 101,
        "label": "",
        "kb_id": ""
      },
      {
        "start": 102,
        "end": 105,
        "label": "",
        "kb_id": ""
      },
      {
        "start": 106,
        "end": 110,
        "label": "",
        "kb_id": ""
      },
      {
        "start": 111,
        "end": 113,
        "label": "",
        "kb_id": ""
      },
      {
        "start": 114,
        "end": 117,
        "label": "",
        "kb_id": ""
      },
      {
        "start": 117,
        "end": 118,
        "label": "",
        "kb_id": ""
      },
      {
        "start": 119,
        "end": 122,
        "label": "",
        "kb_id": ""
      },
      {
        "start": 123,
        "end": 126,
        "label": "",
        "kb_id": ""
      },
      {
        "start": 127,
        "end": 136,
        "label": "",
        "kb_id": ""
      },
      {
        "start": 137,
        "end": 139,
        "label": "",
        "kb_id": ""
      },
      {
        "start": 139,
        "end": 140,
        "label": "",
        "kb_id": ""
      },
      {
        "start": 140,
        "end": 144,
        "label": "",
        "kb_id": ""
      },
      {
        "start": 145,
        "end": 151,
        "label": "",
        "kb_id": ""
      },
      {
        "start": 152,
        "end": 157,
        "label": "",
        "kb_id": ""
      },
      {
        "start": 157,
        "end": 158,
        "label": "",
        "kb_id": ""
      },
      {
        "start": 159,
        "end": 162,
        "label": "",
        "kb_id": ""
      },
      {
        "start": 163,
        "end": 166,
        "label": "",
        "kb_id": ""
      },
      {
        "start": 167,
        "end": 174,
        "label": "",
        "kb_id": ""
      },
      {
        "start": 175,
        "end": 177,
        "label": "",
        "kb_id": ""
      },
      {
        "start": 178,
        "end": 183,
        "label": "",
        "kb_id": ""
      },
      {
        "start": 184,
        "end": 187,
        "label": "",
        "kb_id": ""
      },
      {
        "start": 188,
        "end": 193,
        "label": "",
        "kb_id": ""
      },
      {
        "start": 194,
        "end": 197,
        "label": "",
        "kb_id": ""
      },
      {
        "start": 198,
        "end": 200,
        "label": "",
        "kb_id": ""
      },
      {
        "start": 201,
        "end": 204,
        "label": "",
        "kb_id": ""
      },
      {
        "start": 205,
        "end": 210,
        "label": "",
        "kb_id": ""
      },
      {
        "start": 210,
        "end": 211,
        "label": "",
        "kb_id": ""
      },
      {
        "start": 211,
        "end": 214,
        "label": "",
        "kb_id": ""
      },
      {
        "start": 215,
        "end": 220,
        "label": "",
        "kb_id": ""
      },
      {
        "start": 220,
        "end": 221,
        "label": "",
        "kb_id": ""
      },
      {
        "start": 222,
        "end": 225,
        "label": "",
        "kb_id": ""
      },
      {
        "start": 226,
        "end": 228,
        "label": "",
        "kb_id": ""
      },
      {
        "start": 229,
        "end": 235,
        "label": "",
        "kb_id": ""
      },
      {
        "start": 236,
        "end": 244,
        "label": "",
        "kb_id": ""
      },
      {
        "start": 245,
        "end": 248,
        "label": "",
        "kb_id": ""
      },
      {
        "start": 249,
        "end": 256,
        "label": "",
        "kb_id": ""
      },
      {
        "start": 257,
        "end": 259,
        "label": "",
        "kb_id": ""
      },
      {
        "start": 260,
        "end": 266,
        "label": "",
        "kb_id": ""
      },
      {
        "start": 267,
        "end": 272,
        "label": "",
        "kb_id": ""
      },
      {
        "start": 273,
        "end": 276,
        "label": "",
        "kb_id": ""
      },
      {
        "start": 277,
        "end": 280,
        "label": "",
        "kb_id": ""
      },
      {
        "start": 280,
        "end": 281,
        "label": "",
        "kb_id": ""
      },
      {
        "start": 281,
        "end": 283,
        "label": "",
        "kb_id": ""
      },
      {
        "start": 284,
        "end": 288,
        "label": "",
        "kb_id": ""
      },
      {
        "start": 289,
        "end": 291,
        "label": "",
        "kb_id": ""
      },
      {
        "start": 292,
        "end": 297,
        "label": "",
        "kb_id": ""
      },
      {
        "start": 298,
        "end": 301,
        "label": "",
        "kb_id": ""
      },
      {
        "start": 302,
        "end": 306,
        "label": "",
        "kb_id": ""
      },
      {
        "start": 307,
        "end": 310,
        "label": "",
        "kb_id": ""
      },
      {
        "start": 311,
        "end": 314,
        "label": "",
        "kb_id": ""
      },
      {
        "start": 314,
        "end": 315,
        "label": "",
        "kb_id": ""
      },
      {
        "start": 315,
        "end": 317,
        "label": "",
        "kb_id": ""
      },
      {
        "start": 317,
        "end": 318,
        "label": "",
        "kb_id": ""
      },
      {
        "start": 318,
        "end": 319,
        "label": "",
        "kb_id": ""
      },
      {
        "start": 320,
        "end": 324,
        "label": "",
        "kb_id": ""
      },
      {
        "start": 325,
        "end": 328,
        "label": "",
        "kb_id": ""
      },
      {
        "start": 329,
        "end": 334,
        "label": "",
        "kb_id": ""
      },
      {
        "start": 334,
        "end": 337,
        "label": "",
        "kb_id": ""
      },
      {
        "start": 338,
        "end": 345,
        "label": "",
        "kb_id": ""
      },
      {
        "start": 346,
        "end": 348,
        "label": "",
        "kb_id": ""
      },
      {
        "start": 348,
        "end": 349,
        "label": "",
        "kb_id": ""
      },
      {
        "start": 349,
        "end": 350,
        "label": "",
        "kb_id": ""
      },
      {
        "start": 351,
        "end": 355,
        "label": "",
        "kb_id": ""
      },
      {
        "start": 356,
        "end": 359,
        "label": "",
        "kb_id": ""
      },
      {
        "start": 360,
        "end": 368,
        "label": "",
        "kb_id": ""
      },
      {
        "start": 368,
        "end": 369,
        "label": "",
        "kb_id": ""
      },
      {
        "start": 370,
        "end": 373,
        "label": "",
        "kb_id": ""
      },
      {
        "start": 374,
        "end": 377,
        "label": "",
        "kb_id": ""
      },
      {
        "start": 378,
        "end": 385,
        "label": "",
        "kb_id": ""
      },
      {
        "start": 385,
        "end": 386,
        "label": "",
        "kb_id": ""
      },
      {
        "start": 386,
        "end": 390,
        "label": "",
        "kb_id": ""
      },
      {
        "start": 391,
        "end": 393,
        "label": "",
        "kb_id": ""
      },
      {
        "start": 394,
        "end": 397,
        "label": "",
        "kb_id": ""
      },
      {
        "start": 397,
        "end": 398,
        "label": "",
        "kb_id": ""
      },
      {
        "start": 399,
        "end": 400,
        "label": "",
        "kb_id": ""
      },
      {
        "start": 400,
        "end": 401,
        "label": "",
        "kb_id": ""
      },
      {
        "start": 402,
        "end": 405,
        "label": "",
        "kb_id": ""
      },
      {
        "start": 406,
        "end": 412,
        "label": "",
        "kb_id": ""
      },
      {
        "start": 413,
        "end": 420,
        "label": "",
        "kb_id": ""
      },
      {
        "start": 420,
        "end": 421,
        "label": "",
        "kb_id": ""
      },
      {
        "start": 421,
        "end": 422,
        "label": "",
        "kb_id": ""
      },
      {
        "start": 422,
        "end": 424,
        "label": "",
        "kb_id": ""
      },
      {
        "start": 424,
        "end": 425,
        "label": "",
        "kb_id": ""
      },
      {
        "start": 425,
        "end": 426,
        "label": "",
        "kb_id": ""
      },
      {
        "start": 427,
        "end": 429,
        "label": "",
        "kb_id": ""
      },
      {
        "start": 429,
        "end": 432,
        "label": "",
        "kb_id": ""
      },
      {
        "start": 433,
        "end": 437,
        "label": "",
        "kb_id": ""
      },
      {
        "start": 438,
        "end": 440,
        "label": "",
        "kb_id": ""
      },
      {
        "start": 440,
        "end": 441,
        "label": "",
        "kb_id": ""
      },
      {
        "start": 441,
        "end": 442,
        "label": "",
        "kb_id": ""
      },
      {
        "start": 443,
        "end": 447,
        "label": "",
        "kb_id": ""
      },
      {
        "start": 448,
        "end": 453,
        "label": "",
        "kb_id": ""
      },
      {
        "start": 454,
        "end": 458,
        "label": "",
        "kb_id": ""
      },
      {
        "start": 459,
        "end": 465,
        "label": "",
        "kb_id": ""
      },
      {
        "start": 465,
        "end": 466,
        "label": "",
        "kb_id": ""
      },
      {
        "start": 467,
        "end": 468,
        "label": "",
        "kb_id": ""
      },
      {
        "start": 468,
        "end": 469,
        "label": "",
        "kb_id": ""
      },
      {
        "start": 469,
        "end": 471,
        "label": "",
        "kb_id": ""
      },
      {
        "start": 472,
        "end": 479,
        "label": "",
        "kb_id": ""
      },
      {
        "start": 479,
        "end": 480,
        "label": "",
        "kb_id": ""
      },
      {
        "start": 480,
        "end": 481,
        "label": "",
        "kb_id": ""
      },
      {
        "start": 481,
        "end": 483,
        "label": "",
        "kb_id": ""
      },
      {
        "start": 483,
        "end": 484,
        "label": "",
        "kb_id": ""
      },
      {
        "start": 484,
        "end": 487,
        "label": "",
        "kb_id": ""
      },
      {
        "start": 487,
        "end": 490,
        "label": "",
        "kb_id": ""
      },
      {
        "start": 491,
        "end": 493,
        "label": "",
        "kb_id": ""
      },
      {
        "start": 494,
        "end": 499,
        "label": "",
        "kb_id": ""
      },
      {
        "start": 500,
        "end": 502,
        "label": "",
        "kb_id": ""
      },
      {
        "start": 503,
        "end": 507,
        "label": "",
        "kb_id": ""
      },
      {
        "start": 508,
        "end": 509,
        "label": "",
        "kb_id": ""
      },
      {
        "start": 509,
        "end": 513,
        "label": "",
        "kb_id": ""
      },
      {
        "start": 513,
        "end": 514,
        "label": "",
        "kb_id": ""
      },
      {
        "start": 514,
        "end": 515,
        "label": "",
        "kb_id": ""
      },
      {
        "start": 515,
        "end": 516,
        "label": "",
        "kb_id": ""
      },
      {
        "start": 517,
        "end": 521,
        "label": "",
        "kb_id": ""
      },
      {
        "start": 522,
        "end": 525,
        "label": "",
        "kb_id": ""
      },
      {
        "start": 526,
        "end": 534,
        "label": "",
        "kb_id": ""
      },
      {
        "start": 534,
        "end": 535,
        "label": "",
        "kb_id": ""
      },
      {
        "start": 535,
        "end": 537,
        "label": "",
        "kb_id": ""
      },
      {
        "start": 537,
        "end": 538,
        "label": "",
        "kb_id": ""
      },
      {
        "start": 538,
        "end": 540,
        "label": "",
        "kb_id": ""
      },
      {
        "start": 540,
        "end": 543,
        "label": "",
        "kb_id": ""
      },
      {
        "start": 544,
        "end": 548,
        "label": "",
        "kb_id": ""
      },
      {
        "start": 549,
        "end": 557,
        "label": "",
        "kb_id": ""
      },
      {
        "start": 557,
        "end": 558,
        "label": "",
        "kb_id": ""
      },
      {
        "start": 558,
        "end": 559,
        "label": "",
        "kb_id": ""
      },
      {
        "start": 560,
        "end": 564,
        "label": "",
        "kb_id": ""
      },
      {
        "start": 565,
        "end": 570,
        "label": "",
        "kb_id": ""
      },
      {
        "start": 571,
        "end": 575,
        "label": "",
        "kb_id": ""
      },
      {
        "start": 576,
        "end": 582,
        "label": "",
        "kb_id": ""
      },
      {
        "start": 582,
        "end": 583,
        "label": "",
        "kb_id": ""
      },
      {
        "start": 584,
        "end": 585,
        "label": "",
        "kb_id": ""
      },
      {
        "start": 585,
        "end": 588,
        "label": "",
        "kb_id": ""
      },
      {
        "start": 589,
        "end": 593,
        "label": "",
        "kb_id": ""
      },
      {
        "start": 594,
        "end": 597,
        "label": "",
        "kb_id": ""
      },
      {
        "start": 597,
        "end": 600,
        "label": "",
        "kb_id": ""
      },
      {
        "start": 601,
        "end": 608,
        "label": "",
        "kb_id": ""
      },
      {
        "start": 608,
        "end": 609,
        "label": "",
        "kb_id": ""
      },
      {
        "start": 609,
        "end": 612,
        "label": "",
        "kb_id": ""
      },
      {
        "start": 612,
        "end": 613,
        "label": "",
        "kb_id": ""
      },
      {
        "start": 613,
        "end": 614,
        "label": "",
        "kb_id": ""
      },
      {
        "start": 614,
        "end": 616,
        "label": "",
        "kb_id": ""
      },
      {
        "start": 616,
        "end": 617,
        "label": "",
        "kb_id": ""
      },
      {
        "start": 617,
        "end": 620,
        "label": "",
        "kb_id": ""
      },
      {
        "start": 620,
        "end": 621,
        "label": "",
        "kb_id": ""
      },
      {
        "start": 622,
        "end": 625,
        "label": "",
        "kb_id": ""
      },
      {
        "start": 626,
        "end": 627,
        "label": "",
        "kb_id": ""
      },
      {
        "start": 627,
        "end": 628,
        "label": "",
        "kb_id": ""
      },
      {
        "start": 628,
        "end": 629,
        "label": "",
        "kb_id": ""
      },
      {
        "start": 630,
        "end": 634,
        "label": "",
        "kb_id": ""
      },
      {
        "start": 635,
        "end": 637,
        "label": "",
        "kb_id": ""
      },
      {
        "start": 638,
        "end": 639,
        "label": "",
        "kb_id": ""
      },
      {
        "start": 640,
        "end": 650,
        "label": "",
        "kb_id": ""
      },
      {
        "start": 651,
        "end": 655,
        "label": "",
        "kb_id": ""
      },
      {
        "start": 655,
        "end": 656,
        "label": "",
        "kb_id": ""
      },
      {
        "start": 656,
        "end": 657,
        "label": "",
        "kb_id": ""
      },
      {
        "start": 658,
        "end": 662,
        "label": "",
        "kb_id": ""
      },
      {
        "start": 663,
        "end": 666,
        "label": "",
        "kb_id": ""
      },
      {
        "start": 667,
        "end": 675,
        "label": "",
        "kb_id": ""
      },
      {
        "start": 675,
        "end": 676,
        "label": "",
        "kb_id": ""
      },
      {
        "start": 677,
        "end": 678,
        "label": "",
        "kb_id": ""
      },
      {
        "start": 678,
        "end": 681,
        "label": "",
        "kb_id": ""
      },
      {
        "start": 682,
        "end": 684,
        "label": "",
        "kb_id": ""
      },
      {
        "start": 684,
        "end": 685,
        "label": "",
        "kb_id": ""
      },
      {
        "start": 685,
        "end": 689,
        "label": "",
        "kb_id": ""
      },
      {
        "start": 690,
        "end": 700,
        "label": "",
        "kb_id": ""
      },
      {
        "start": 701,
        "end": 708,
        "label": "",
        "kb_id": ""
      },
      {
        "start": 708,
        "end": 709,
        "label": "",
        "kb_id": ""
      },
      {
        "start": 709,
        "end": 710,
        "label": "",
        "kb_id": ""
      },
      {
        "start": 711,
        "end": 714,
        "label": "",
        "kb_id": ""
      },
      {
        "start": 715,
        "end": 717,
        "label": "",
        "kb_id": ""
      },
      {
        "start": 718,
        "end": 721,
        "label": "",
        "kb_id": ""
      },
      {
        "start": 722,
        "end": 724,
        "label": "",
        "kb_id": ""
      },
      {
        "start": 725,
        "end": 729,
        "label": "",
        "kb_id": ""
      },
      {
        "start": 730,
        "end": 737,
        "label": "",
        "kb_id": ""
      },
      {
        "start": 738,
        "end": 741,
        "label": "",
        "kb_id": ""
      },
      {
        "start": 742,
        "end": 749,
        "label": "",
        "kb_id": ""
      },
      {
        "start": 750,
        "end": 754,
        "label": "",
        "kb_id": ""
      },
      {
        "start": 754,
        "end": 755,
        "label": "",
        "kb_id": ""
      },
      {
        "start": 755,
        "end": 757,
        "label": "",
        "kb_id": ""
      },
      {
        "start": 758,
        "end": 761,
        "label": "",
        "kb_id": ""
      },
      {
        "start": 762,
        "end": 767,
        "label": "",
        "kb_id": ""
      },
      {
        "start": 768,
        "end": 772,
        "label": "",
        "kb_id": ""
      },
      {
        "start": 773,
        "end": 775,
        "label": "",
        "kb_id": ""
      },
      {
        "start": 776,
        "end": 779,
        "label": "",
        "kb_id": ""
      },
      {
        "start": 780,
        "end": 785,
        "label": "",
        "kb_id": ""
      },
      {
        "start": 785,
        "end": 786,
        "label": "",
        "kb_id": ""
      },
      {
        "start": 786,
        "end": 788,
        "label": "",
        "kb_id": ""
      },
      {
        "start": 788,
        "end": 791,
        "label": "",
        "kb_id": ""
      },
      {
        "start": 792,
        "end": 796,
        "label": "",
        "kb_id": ""
      },
      {
        "start": 797,
        "end": 801,
        "label": "",
        "kb_id": ""
      },
      {
        "start": 802,
        "end": 805,
        "label": "",
        "kb_id": ""
      },
      {
        "start": 806,
        "end": 811,
        "label": "",
        "kb_id": ""
      },
      {
        "start": 812,
        "end": 815,
        "label": "",
        "kb_id": ""
      },
      {
        "start": 816,
        "end": 821,
        "label": "",
        "kb_id": ""
      },
      {
        "start": 822,
        "end": 826,
        "label": "",
        "kb_id": ""
      },
      {
        "start": 827,
        "end": 830,
        "label": "",
        "kb_id": ""
      },
      {
        "start": 831,
        "end": 838,
        "label": "",
        "kb_id": ""
      },
      {
        "start": 839,
        "end": 841,
        "label": "",
        "kb_id": ""
      },
      {
        "start": 842,
        "end": 845,
        "label": "",
        "kb_id": ""
      },
      {
        "start": 846,
        "end": 852,
        "label": "",
        "kb_id": ""
      },
      {
        "start": 852,
        "end": 853,
        "label": "",
        "kb_id": ""
      },
      {
        "start": 854,
        "end": 857,
        "label": "",
        "kb_id": ""
      },
      {
        "start": 857,
        "end": 858,
        "label": "",
        "kb_id": ""
      },
      {
        "start": 858,
        "end": 859,
        "label": "",
        "kb_id": ""
      },
      {
        "start": 859,
        "end": 863,
        "label": "",
        "kb_id": ""
      },
      {
        "start": 864,
        "end": 866,
        "label": "",
        "kb_id": ""
      },
      {
        "start": 867,
        "end": 870,
        "label": "",
        "kb_id": ""
      },
      {
        "start": 871,
        "end": 879,
        "label": "",
        "kb_id": ""
      },
      {
        "start": 880,
        "end": 887,
        "label": "",
        "kb_id": ""
      },
      {
        "start": 888,
        "end": 891,
        "label": "",
        "kb_id": ""
      },
      {
        "start": 892,
        "end": 897,
        "label": "",
        "kb_id": ""
      },
      {
        "start": 897,
        "end": 898,
        "label": "",
        "kb_id": ""
      },
      {
        "start": 899,
        "end": 902,
        "label": "",
        "kb_id": ""
      },
      {
        "start": 903,
        "end": 907,
        "label": "",
        "kb_id": ""
      },
      {
        "start": 908,
        "end": 910,
        "label": "",
        "kb_id": ""
      },
      {
        "start": 911,
        "end": 914,
        "label": "",
        "kb_id": ""
      },
      {
        "start": 915,
        "end": 917,
        "label": "",
        "kb_id": ""
      },
      {
        "start": 918,
        "end": 921,
        "label": "",
        "kb_id": ""
      },
      {
        "start": 922,
        "end": 930,
        "label": "",
        "kb_id": ""
      },
      {
        "start": 930,
        "end": 931,
        "label": "",
        "kb_id": ""
      },
      {
        "start": 931,
        "end": 933,
        "label": "",
        "kb_id": ""
      },
      {
        "start": 934,
        "end": 937,
        "label": "",
        "kb_id": ""
      },
      {
        "start": 938,
        "end": 943,
        "label": "",
        "kb_id": ""
      },
      {
        "start": 943,
        "end": 944,
        "label": "",
        "kb_id": ""
      },
      {
        "start": 945,
        "end": 946,
        "label": "",
        "kb_id": ""
      },
      {
        "start": 946,
        "end": 951,
        "label": "",
        "kb_id": ""
      },
      {
        "start": 952,
        "end": 954,
        "label": "",
        "kb_id": ""
      },
      {
        "start": 955,
        "end": 958,
        "label": "",
        "kb_id": ""
      },
      {
        "start": 959,
        "end": 963,
        "label": "",
        "kb_id": ""
      },
      {
        "start": 964,
        "end": 966,
        "label": "",
        "kb_id": ""
      },
      {
        "start": 967,
        "end": 970,
        "label": "",
        "kb_id": ""
      },
      {
        "start": 971,
        "end": 978,
        "label": "",
        "kb_id": ""
      },
      {
        "start": 979,
        "end": 981,
        "label": "",
        "kb_id": ""
      },
      {
        "start": 982,
        "end": 985,
        "label": "",
        "kb_id": ""
      },
      {
        "start": 986,
        "end": 990,
        "label": "",
        "kb_id": ""
      },
      {
        "start": 991,
        "end": 998,
        "label": "",
        "kb_id": ""
      },
      {
        "start": 998,
        "end": 999,
        "label": "",
        "kb_id": ""
      },
      {
        "start": 999,
        "end": 1000,
        "label": "",
        "kb_id": ""
      },
      {
        "start": 1000,
        "end": 1001,
        "label": "",
        "kb_id": ""
      },
      {
        "start": 1001,
        "end": 1003,
        "label": "",
        "kb_id": ""
      },
      {
        "start": 1004,
        "end": 1009,
        "label": "",
        "kb_id": ""
      },
      {
        "start": 1010,
        "end": 1013,
        "label": "",
        "kb_id": ""
      },
      {
        "start": 1014,
        "end": 1022,
        "label": "",
        "kb_id": ""
      },
      {
        "start": 1023,
        "end": 1029,
        "label": "",
        "kb_id": ""
      },
      {
        "start": 1030,
        "end": 1038,
        "label": "",
        "kb_id": ""
      },
      {
        "start": 1039,
        "end": 1041,
        "label": "",
        "kb_id": ""
      },
      {
        "start": 1041,
        "end": 1042,
        "label": "",
        "kb_id": ""
      },
      {
        "start": 1043,
        "end": 1047,
        "label": "",
        "kb_id": ""
      },
      {
        "start": 1048,
        "end": 1050,
        "label": "",
        "kb_id": ""
      },
      {
        "start": 1051,
        "end": 1056,
        "label": "",
        "kb_id": ""
      },
      {
        "start": 1057,
        "end": 1061,
        "label": "",
        "kb_id": ""
      },
      {
        "start": 1062,
        "end": 1065,
        "label": "",
        "kb_id": ""
      },
      {
        "start": 1066,
        "end": 1071,
        "label": "",
        "kb_id": ""
      },
      {
        "start": 1071,
        "end": 1072,
        "label": "",
        "kb_id": ""
      },
      {
        "start": 1072,
        "end": 1075,
        "label": "",
        "kb_id": ""
      },
      {
        "start": 1075,
        "end": 1076,
        "label": "",
        "kb_id": ""
      }
    ],
    "coref_clusters_2": [
      {
        "start": 0,
        "end": 4,
        "label": "",
        "kb_id": ""
      },
      {
        "start": 13,
        "end": 19,
        "label": "",
        "kb_id": ""
      }
    ]
  }
}
