{
  "text": "CHAPTER I.\nDown the Rabbit-Hole\n\n\nAlice was beginning to get very tired of sitting by her sister on the\nbank, and of having nothing to do: once or twice she had peeped into\nthe book her sister was reading, but it had no pictures or\nconversations in it, \u201cand what is the use of a book,\u201d thought Alice\n\u201cwithout pictures or conversations?\u201d",
  "ents": [
    {
      "start": 11,
      "end": 31,
      "label": "WORK_OF_ART"
    },
    {
      "start": 34,
      "end": 39,
      "label": "PERSON"
    },
    {
      "start": 294,
      "end": 299,
      "label": "PERSON"
    }
  ],
  "sents": [
    {
      "start": 0,
      "end": 10
    },
    {
      "start": 10,
      "end": 336
    }
  ],
  "tokens": [
    {
      "id": 0,
      "start": 0,
      "end": 7,
      "tag": "NN",
      "pos": "NOUN",
      "morph": "Number=Sing",
      "lemma": "chapter",
      "dep": "ROOT",
      "head": 0
    },
    {
      "id": 1,
      "start": 8,
      "end": 10,
      "tag": "CD",
      "pos": "NUM",
      "morph": "NumType=Card",
      "lemma": "i.",
      "dep": "nummod",
      "head": 0
    },
    {
      "id": 2,
      "start": 10,
      "end": 11,
      "tag": "_SP",
      "pos": "SPACE",
      "morph": "",
      "lemma": "\n",
      "dep": "dep",
      "head": 38
    },
    {
      "id": 3,
      "start": 11,
      "end": 15,
      "tag": "IN",
      "pos": "ADP",
      "morph": "",
      "lemma": "down",
      "dep": "advmod",
      "head": 38
    },
    {
      "id": 4,
      "start": 16,
      "end": 19,
      "tag": "DT",
      "pos": "DET",
      "morph": "Definite=Def|PronType=Art",
      "lemma": "the",
      "dep": "det",
      "head": 7
    },
    {
      "id": 5,
      "start": 20,
      "end": 26,
      "tag": "NNP",
      "pos": "PROPN",
      "morph": "Number=Sing",
      "lemma": "Rabbit",
      "dep": "compound",
      "head": 7
    },
    {
      "id": 6,
      "start": 26,
      "end": 27,
      "tag": "HYPH",
      "pos": "PUNCT",
      "morph": "PunctType=Dash",
      "lemma": "-",
      "dep": "punct",
      "head": 7
    },
    {
      "id": 7,
      "start": 27,
      "end": 31,
      "tag": "NN",
      "pos": "NOUN",
      "morph": "Number=Sing",
      "lemma": "hole",
      "dep": "pobj",
      "head": 3
    },
    {
      "id": 8,
      "start": 31,
      "end": 34,
      "tag": "_SP",
      "pos": "SPACE",
      "morph": "",
      "lemma": "\n\n\n",
      "dep": "dep",
      "head": 3
    },
    {
      "id": 9,
      "start": 34,
      "end": 39,
      "tag": "NNP",
      "pos": "PROPN",
      "morph": "Number=Sing",
      "lemma": "Alice",
      "dep": "nsubj",
      "head": 11
    },
    {
      "id": 10,
      "start": 40,
      "end": 43,
      "tag": "VBD",
      "pos": "AUX",
      "morph": "Mood=Ind|Number=Sing|Person=3|Tense=Past|VerbForm=Fin",
      "lemma": "be",
      "dep": "aux",
      "head": 11
    },
    {
      "id": 11,
      "start": 44,
      "end": 53,
      "tag": "VBG",
      "pos": "VERB",
      "morph": "Aspect=Prog|Tense=Pres|VerbForm=Part",
      "lemma": "begin",
      "dep": "ccomp",
      "head": 38
    },
    {
      "id": 12,
      "start": 54,
      "end": 56,
      "tag": "TO",
      "pos": "PART",
      "morph": "",
      "lemma": "to",
      "dep": "aux",
      "head": 13
    },
    {
      "id": 13,
      "start": 57,
      "end": 60,
      "tag": "VB",
      "pos": "VERB",
      "morph": "VerbForm=Inf",
      "lemma": "get",
      "dep": "xcomp",
      "head": 11
    },
    {
      "id": 14,
      "start": 61,
      "end": 65,
      "tag": "RB",
      "pos": "ADV",
      "morph": "",
      "lemma": "very",
      "dep": "advmod",
      "head": 15
    },
    {
      "id": 15,
      "start": 66,
      "end": 71,
      "tag": "JJ",
      "pos": "ADJ",
      "morph": "Degree=Pos",
      "lemma": "tired",
      "dep": "acomp",
      "head": 13
    },
    {
      "id": 16,
      "start": 72,
      "end": 74,
      "tag": "IN",
      "pos": "ADP",
      "morph": "",
      "lemma": "of",
      "dep": "prep",
      "head": 15
    },
    {
      "id": 17,
      "start": 75,
      "end": 82,
      "tag": "VBG",
      "pos": "VERB",
      "morph": "Aspect=Prog|Tense=Pres|VerbForm=Part",
      "lemma": "sit",
      "dep": "pcomp",
      "head": 16
    },
    {
      "id": 18,
      "start": 83,
      "end": 85,
      "tag": "IN",
      "pos": "ADP",
      "morph": "",
      "lemma": "by",
      "dep": "prep",
      "head": 17
    },
    {
      "id": 19,
      "start": 86,
      "end": 89,
      "tag": "PRP$",
      "pos": "PRON",
      "morph": "Gender=Fem|Number=Sing|Person=3|Poss=Yes|PronType=Prs",
      "lemma": "her",
      "dep": "poss",
      "head": 20
    },
    {
      "id": 20,
      "start": 90,
      "end": 96,
      "tag": "NN",
      "pos": "NOUN",
      "morph": "Number=Sing",
      "lemma": "sister",
      "dep": "pobj",
      "head": 18
    },
    {
      "id": 21,
      "start": 97,
      "end": 99,
      "tag": "IN",
      "pos": "ADP",
      "morph": "",
      "lemma": "on",
      "dep": "prep",
      "head": 17
    },
    {
      "id": 22,
      "start": 100,
      "end": 103,
      "tag": "DT",
      "pos": "DET",
      "morph": "Definite=Def|PronType=Art",
      "lemma": "the",
      "dep": "det",
      "head": 23
    },
    {
      "id": 23,
      "start": 103,
      "end": 104,
      "tag": "_SP",
      "pos": "SPACE",
      "morph": "",
      "lemma": "\n",
      "dep": "dep",
      "head": 13
    },
    {
      "id": 24,
      "start": 104,
      "end": 108,
      "tag": "NN",
      "pos": "NOUN",
      "morph": "Number=Sing",
      "lemma": "bank",
      "dep": "pobj",
      "head": 23
    },
    {
      "id": 25,
      "start": 108,
      "end": 109,
      "tag": ",",
      "pos": "PUNCT",
      "morph": "PunctType=Comm",
      "lemma": ",",
      "dep": "punct",
      "head": 24
    },
    {
      "id": 26,
      "start": 110,
      "end": 113,
      "tag": "CC",
      "pos": "CCONJ",
      "morph": "ConjType=Cmp",
      "lemma": "and",
      "dep": "cc",
      "head": 24
    },
    {
      "id": 27,
      "start": 114,
      "end": 116,
      "tag": "IN",
      "pos": "ADP",
      "morph": "",
      "lemma": "of",
      "dep": "conj",
      "head": 24
    },
    {
      "id": 28,
      "start": 117,
      "end": 123,
      "tag": "VBG",
      "pos": "VERB",
      "morph": "Aspect=Prog|Tense=Pres|VerbForm=Part",
      "lemma": "have",
      "dep": "pcomp",
      "head": 27
    },
    {
      "id": 29,
      "start": 124,
      "end": 131,
      "tag": "NN",
      "pos": "PRON",
      "morph": "Number=Sing|PronType=Ind",
      "lemma": "nothing",
      "dep": "dobj",
      "head": 28
    },
    {
      "id": 30,
      "start": 132,
      "end": 134,
      "tag": "TO",
      "pos": "PART",
      "morph": "",
      "lemma": "to",
      "dep": "aux",
      "head": 31
    },
    {
      "id": 31,
      "start": 135,
      "end": 137,
      "tag": "VB",
      "pos": "VERB",
      "morph": "VerbForm=Inf",
      "lemma": "do",
      "dep": "relcl",
      "head": 29
    },
    {
      "id": 32,
      "start": 137,
      "end": 138,
      "tag": ":",
      "pos": "PUNCT",
      "morph": "",
      "lemma": ":",
      "dep": "punct",
      "head": 38
    },
    {
      "id": 33,
      "start": 139,
      "end": 143,
      "tag": "RB",
      "pos": "ADV",
      "morph": "NumType=Mult",
      "lemma": "once",
      "dep": "advmod",
      "head": 38
    },
    {
      "id": 34,
      "start": 144,
      "end": 146,
      "tag": "CC",
      "pos": "CCONJ",
      "morph": "ConjType=Cmp",
      "lemma": "or",
      "dep": "cc",
      "head": 33
    },
    {
      "id": 35,
      "start": 147,
      "end": 152,
      "tag": "RB",
      "pos": "ADV",
      "morph": "",
      "lemma": "twice",
      "dep": "conj",
      "head": 33
    },
    {
      "id": 36,
      "start": 153,
      "end": 156,
      "tag": "PRP",
      "pos": "PRON",
      "morph": "Case=Nom|Gender=Fem|Number=Sing|Person=3|PronType=Prs",
      "lemma": "she",
      "dep": "nsubj",
      "head": 38
    },
    {
      "id": 37,
      "start": 157,
      "end": 160,
      "tag": "VBD",
      "pos": "AUX",
      "morph": "Tense=Past|VerbForm=Fin",
      "lemma": "have",
      "dep": "aux",
      "head": 38
    },
    {
      "id": 38,
      "start": 161,
      "end": 167,
      "tag": "VBN",
      "pos": "VERB",
      "morph": "Aspect=Perf|Tense=Past|VerbForm=Part",
      "lemma": "peep",
      "dep": "ROOT",
      "head": 38
    },
    {
      "id": 39,
      "start": 168,
      "end": 172,
      "tag": "IN",
      "pos": "ADP",
      "morph": "",
      "lemma": "into",
      "dep": "prep",
      "head": 38
    },
    {
      "id": 40,
      "start": 172,
      "end": 173,
      "tag": "_SP",
      "pos": "SPACE",
      "morph": "",
      "lemma": "\n",
      "dep": "dep",
      "head": 38
    },
    {
      "id": 41,
      "start": 173,
      "end": 176,
      "tag": "DT",
      "pos": "DET",
      "morph": "Definite=Def|PronType=Art",
      "lemma": "the",
      "dep": "det",
      "head": 42
    },
    {
      "id": 42,
      "start": 177,
      "end": 181,
      "tag": "NN",
      "pos": "NOUN",
      "morph": "Number=Sing",
      "lemma": "book",
      "dep": "pobj",
      "head": 40
    },
    {
      "id": 43,
      "start": 182,
      "end": 185,
      "tag": "PRP$",
      "pos": "PRON",
      "morph": "Gender=Fem|Number=Sing|Person=3|Poss=Yes|PronType=Prs",
      "lemma": "her",
      "dep": "poss",
      "head": 44
    },
    {
      "id": 44,
      "start": 186,
      "end": 192,
      "tag": "NN",
      "pos": "NOUN",
      "morph": "Number=Sing",
      "lemma": "sister",
      "dep": "nsubj",
      "head": 46
    },
    {
      "id": 45,
      "start": 193,
      "end": 196,
      "tag": "VBD",
      "pos": "AUX",
      "morph": "Mood=Ind|Number=Sing|Person=3|Tense=Past|VerbForm=Fin",
      "lemma": "be",
      "dep": "aux",
      "head": 46
    },
    {
      "id": 46,
      "start": 197,
      "end": 204,
      "tag": "VBG",
      "pos": "VERB",
      "morph": "Aspect=Prog|Tense=Pres|VerbForm=Part",
      "lemma": "read",
      "dep": "relcl",
      "head": 42
    },
    {
      "id": 47,
      "start": 204,
      "end": 205,
      "tag": ",",
      "pos": "PUNCT",
      "morph": "PunctType=Comm",
      "lemma": ",",
      "dep": "punct",
      "head": 42
    },
    {
      "id": 48,
      "start": 206,
      "end": 209,
      "tag": "CC",
      "pos": "CCONJ",
      "morph": "ConjType=Cmp",
      "lemma": "but",
      "dep": "cc",
      "head": 42
    },
    {
      "id": 49,
      "start": 210,
      "end": 212,
      "tag": "PRP",
      "pos": "PRON",
      "morph": "Case=Nom|Gender=Neut|Number=Sing|Person=3|PronType=Prs",
      "lemma": "it",
      "dep": "nsubj",
      "head": 50
    },
    {
      "id": 50,
      "start": 213,
      "end": 216,
      "tag": "VBD",
      "pos": "VERB",
      "morph": "Tense=Past|VerbForm=Fin",
      "lemma": "have",
      "dep": "conj",
      "head": 42
    },
    {
      "id": 51,
      "start": 217,
      "end": 219,
      "tag": "DT",
      "pos": "DET",
      "morph": "",
      "lemma": "no",
      "dep": "det",
      "head": 52
    },
    {
      "id": 52,
      "start": 220,
      "end": 228,
      "tag": "NNS",
      "pos": "NOUN",
      "morph": "Number=Plur",
      "lemma": "picture",
      "dep": "dobj",
      "head": 50
    },
    {
      "id": 53,
      "start": 229,
      "end": 231,
      "tag": "CC",
      "pos": "CCONJ",
      "morph": "ConjType=Cmp",
      "lemma": "or",
      "dep": "cc",
      "head": 52
    },
    {
      "id": 54,
      "start": 231,
      "end": 232,
      "tag": "_SP",
      "pos": "SPACE",
      "morph": "",
      "lemma": "\n",
      "dep": "dep",
      "head": 52
    },
    {
      "id": 55,
      "start": 232,
      "end": 245,
      "tag": "NNS",
      "pos": "NOUN",
      "morph": "Number=Plur",
      "lemma": "conversation",
      "dep": "dobj",
      "head": 54
    },
    {
      "id": 56,
      "start": 246,
      "end": 248,
      "tag": "IN",
      "pos": "ADP",
      "morph": "",
      "lemma": "in",
      "dep": "prep",
      "head": 54
    },
    {
      "id": 57,
      "start": 249,
      "end": 251,
      "tag": "PRP",
      "pos": "PRON",
      "morph": "Case=Acc|Gender=Neut|Number=Sing|Person=3|PronType=Prs",
      "lemma": "it",
      "dep": "pobj",
      "head": 56
    },
    {
      "id": 58,
      "start": 251,
      "end": 252,
      "tag": ",",
      "pos": "PUNCT",
      "morph": "PunctType=Comm",
      "lemma": ",",
      "dep": "punct",
      "head": 38
    },
    {
      "id": 59,
      "start": 253,
      "end": 254,
      "tag": "``",
      "pos": "PUNCT",
      "morph": "PunctSide=Ini|PunctType=Quot",
      "lemma": "\"",
      "dep": "punct",
      "head": 38
    },
    {
      "id": 60,
      "start": 254,
      "end": 257,
      "tag": "CC",
      "pos": "CCONJ",
      "morph": "ConjType=Cmp",
      "lemma": "and",
      "dep": "cc",
      "head": 62
    },
    {
      "id": 61,
      "start": 258,
      "end": 262,
      "tag": "WP",
      "pos": "PRON",
      "morph": "",
      "lemma": "what",
      "dep": "attr",
      "head": 62
    },
    {
      "id": 62,
      "start": 263,
      "end": 265,
      "tag": "VBZ",
      "pos": "AUX",
      "morph": "Mood=Ind|Number=Sing|Person=3|Tense=Pres|VerbForm=Fin",
      "lemma": "be",
      "dep": "conj",
      "head": 38
    },
    {
      "id": 63,
      "start": 266,
      "end": 269,
      "tag": "DT",
      "pos": "DET",
      "morph": "Definite=Def|PronType=Art",
      "lemma": "the",
      "dep": "det",
      "head": 64
    },
    {
      "id": 64,
      "start": 270,
      "end": 273,
      "tag": "NN",
      "pos": "NOUN",
      "morph": "Number=Sing",
      "lemma": "use",
      "dep": "nsubj",
      "head": 62
    },
    {
      "id": 65,
      "start": 274,
      "end": 276,
      "tag": "IN",
      "pos": "ADP",
      "morph": "",
      "lemma": "of",
      "dep": "prep",
      "head": 64
    },
    {
      "id": 66,
      "start": 277,
      "end": 278,
      "tag": "DT",
      "pos": "DET",
      "morph": "Definite=Ind|PronType=Art",
      "lemma": "a",
      "dep": "det",
      "head": 67
    },
    {
      "id": 67,
      "start": 279,
      "end": 283,
      "tag": "NN",
      "pos": "NOUN",
      "morph": "Number=Sing",
      "lemma": "book",
      "dep": "pobj",
      "head": 65
    },
    {
      "id": 68,
      "start": 283,
      "end": 284,
      "tag": ",",
      "pos": "PUNCT",
      "morph": "PunctType=Comm",
      "lemma": ",",
      "dep": "punct",
      "head": 70
    },
    {
      "id": 69,
      "start": 284,
      "end": 285,
      "tag": "''",
      "pos": "PUNCT",
      "morph": "PunctSide=Fin|PunctType=Quot",
      "lemma": "\"",
      "dep": "punct",
      "head": 70
    },
    {
      "id": 70,
      "start": 286,
      "end": 293,
      "tag": "VBD",
      "pos": "VERB",
      "morph": "Tense=Past|VerbForm=Fin",
      "lemma": "think",
      "dep": "parataxis",
      "head": 64
    },
    {
      "id": 71,
      "start": 294,
      "end": 299,
      "tag": "NNP",
      "pos": "PROPN",
      "morph": "Number=Sing",
      "lemma": "Alice",
      "dep": "nsubj",
      "head": 70
    },
    {
      "id": 72,
      "start": 299,
      "end": 300,
      "tag": "_SP",
      "pos": "SPACE",
      "morph": "",
      "lemma": "\n",
      "dep": "dep",
      "head": 38
    },
    {
      "id": 73,
      "start": 300,
      "end": 301,
      "tag": "``",
      "pos": "PUNCT",
      "morph": "PunctSide=Ini|PunctType=Quot",
      "lemma": "\"",
      "dep": "punct",
      "head": 38
    },
    {
      "id": 74,
      "start": 301,
      "end": 308,
      "tag": "IN",
      "pos": "ADP",
      "morph": "",
      "lemma": "without",
      "dep": "prep",
      "head": 38
    },
    {
      "id": 75,
      "start": 309,
      "end": 317,
      "tag": "NNS",
      "pos": "NOUN",
      "morph": "Number=Plur",
      "lemma": "picture",
      "dep": "pobj",
      "head": 74
    },
    {
      "id": 76,
      "start": 318,
      "end": 320,
      "tag": "CC",
      "pos": "CCONJ",
      "morph": "ConjType=Cmp",
      "lemma": "or",
      "dep": "cc",
      "head": 75
    },
    {
      "id": 77,
      "start": 321,
      "end": 334,
      "tag": "NNS",
      "pos": "NOUN",
      "morph": "Number=Plur",
      "lemma": "conversation",
      "dep": "conj",
      "head": 75
    },
    {
      "id": 78,
      "start": 334,
      "end": 335,
      "tag": ".",
      "pos": "PUNCT",
      "morph": "PunctType=Peri",
      "lemma": "?",
      "dep": "punct",
      "head": 38
    },
    {
      "id": 79,
      "start": 335,
      "end": 336,
      "tag": "''",
      "pos": "PUNCT",
      "morph": "PunctSide=Fin|PunctType=Quot",
      "lemma": "\"",
      "dep": "punct",
      "head": 38
    }
  ]
}
Saved character data to characters.json
